{"/Users/caseyjparker/Twist/work/api/src/index.ts": {"path":"/Users/caseyjparker/Twist/work/api/src/index.ts","statementMap":{"0":{"start":{"line":1,"column":0},"end":{"line":1,"column":26}},"1":{"start":{"line":2,"column":0},"end":{"line":2,"column":30}},"2":{"start":{"line":3,"column":0},"end":{"line":3,"column":28}},"3":{"start":{"line":5,"column":0},"end":{"line":5,"column":49}},"4":{"start":{"line":6,"column":0},"end":{"line":6,"column":41}},"5":{"start":{"line":8,"column":0},"end":{"line":8,"column":16}},"6":{"start":{"line":10,"column":13},"end":{"line":10,"column":37}},"7":{"start":{"line":13,"column":2},"end":{"line":19,"column":3}},"8":{"start":{"line":14,"column":4},"end":{"line":14,"column":37}},"9":{"start":{"line":15,"column":4},"end":{"line":15,"column":40}},"10":{"start":{"line":17,"column":4},"end":{"line":17,"column":57}},"11":{"start":{"line":21,"column":14},"end":{"line":21,"column":23}},"12":{"start":{"line":22,"column":2},"end":{"line":22,"column":26}},"13":{"start":{"line":24,"column":2},"end":{"line":24,"column":73}},"14":{"start":{"line":24,"column":45},"end":{"line":24,"column":71}},"15":{"start":{"line":25,"column":2},"end":{"line":25,"column":37}},"16":{"start":{"line":27,"column":2},"end":{"line":29,"column":5}},"17":{"start":{"line":28,"column":4},"end":{"line":28,"column":49}},"18":{"start":{"line":32,"column":0},"end":{"line":32,"column":12}}},"fnMap":{"0":{"name":"bootstrap","decl":{"start":{"line":12,"column":15},"end":{"line":12,"column":24}},"loc":{"start":{"line":12,"column":24},"end":{"line":30,"column":1}}},"1":{"name":"(anonymous_2)","decl":{"start":{"line":24,"column":21},"end":{"line":24,"column":22}},"loc":{"start":{"line":24,"column":45},"end":{"line":24,"column":71}}},"2":{"name":"(anonymous_3)","decl":{"start":{"line":27,"column":19},"end":{"line":27,"column":22}},"loc":{"start":{"line":27,"column":24},"end":{"line":29,"column":3}}}},"branchMap":{"0":{"loc":{"start":{"line":10,"column":13},"end":{"line":10,"column":37}},"type":"binary-expr","locations":[{"start":{"line":10,"column":13},"end":{"line":10,"column":29}},{"start":{"line":10,"column":33},"end":{"line":10,"column":37}}]}},"s":{"0":0,"1":0,"2":0,"3":0,"4":0,"5":0,"6":0,"7":0,"8":0,"9":0,"10":0,"11":0,"12":0,"13":0,"14":0,"15":0,"16":0,"17":0,"18":0},"f":{"0":0,"1":0,"2":0},"b":{"0":[0,0]}}
,"/Users/caseyjparker/Twist/work/api/src/controllers/plan-controller.ts": {"path":"/Users/caseyjparker/Twist/work/api/src/controllers/plan-controller.ts","statementMap":{"0":{"start":{"line":4,"column":26},"end":{"line":14,"column":1}},"1":{"start":{"line":6,"column":2},"end":{"line":13,"column":4}},"2":{"start":{"line":4,"column":13},"end":{"line":4,"column":26}}},"fnMap":{"0":{"name":"(anonymous_0)","decl":{"start":{"line":4,"column":26},"end":{"line":4,"column":27}},"loc":{"start":{"line":4,"column":39},"end":{"line":14,"column":1}}}},"branchMap":{"0":{"loc":{"start":{"line":7,"column":8},"end":{"line":7,"column":29}},"type":"binary-expr","locations":[{"start":{"line":7,"column":8},"end":{"line":7,"column":14}},{"start":{"line":7,"column":18},"end":{"line":7,"column":29}}]},"1":{"loc":{"start":{"line":8,"column":10},"end":{"line":8,"column":38}},"type":"binary-expr","locations":[{"start":{"line":8,"column":10},"end":{"line":8,"column":18}},{"start":{"line":8,"column":22},"end":{"line":8,"column":38}}]},"2":{"loc":{"start":{"line":9,"column":17},"end":{"line":9,"column":37}},"type":"binary-expr","locations":[{"start":{"line":9,"column":17},"end":{"line":9,"column":32}},{"start":{"line":9,"column":36},"end":{"line":9,"column":37}}]},"3":{"loc":{"start":{"line":10,"column":22},"end":{"line":10,"column":47}},"type":"binary-expr","locations":[{"start":{"line":10,"column":22},"end":{"line":10,"column":42}},{"start":{"line":10,"column":46},"end":{"line":10,"column":47}}]},"4":{"loc":{"start":{"line":11,"column":15},"end":{"line":11,"column":34}},"type":"binary-expr","locations":[{"start":{"line":11,"column":15},"end":{"line":11,"column":28}},{"start":{"line":11,"column":32},"end":{"line":11,"column":34}}]},"5":{"loc":{"start":{"line":12,"column":17},"end":{"line":12,"column":38}},"type":"binary-expr","locations":[{"start":{"line":12,"column":17},"end":{"line":12,"column":32}},{"start":{"line":12,"column":36},"end":{"line":12,"column":38}}]}},"s":{"0":0,"1":0,"2":0},"f":{"0":0},"b":{"0":[0,0],"1":[0,0],"2":[0,0],"3":[0,0],"4":[0,0],"5":[0,0]}}
,"/Users/caseyjparker/Twist/work/api/src/db/data-source.ts": {"path":"/Users/caseyjparker/Twist/work/api/src/db/data-source.ts","statementMap":{"0":{"start":{"line":1,"column":0},"end":{"line":1,"column":26}},"1":{"start":{"line":2,"column":0},"end":{"line":2,"column":37}},"2":{"start":{"line":3,"column":0},"end":{"line":3,"column":45}},"3":{"start":{"line":4,"column":0},"end":{"line":4,"column":62}},"4":{"start":{"line":5,"column":0},"end":{"line":5,"column":68}},"5":{"start":{"line":9,"column":15},"end":{"line":9,"column":48}},"6":{"start":{"line":10,"column":15},"end":{"line":10,"column":45}},"7":{"start":{"line":11,"column":15},"end":{"line":11,"column":47}},"8":{"start":{"line":12,"column":15},"end":{"line":12,"column":60}},"9":{"start":{"line":13,"column":15},"end":{"line":13,"column":54}},"10":{"start":{"line":15,"column":13},"end":{"line":26,"column":3}}},"fnMap":{},"branchMap":{"0":{"loc":{"start":{"line":9,"column":15},"end":{"line":9,"column":48}},"type":"binary-expr","locations":[{"start":{"line":9,"column":15},"end":{"line":9,"column":34}},{"start":{"line":9,"column":38},"end":{"line":9,"column":48}}]},"1":{"loc":{"start":{"line":10,"column":17},"end":{"line":10,"column":44}},"type":"binary-expr","locations":[{"start":{"line":10,"column":17},"end":{"line":10,"column":36}},{"start":{"line":10,"column":40},"end":{"line":10,"column":44}}]},"2":{"loc":{"start":{"line":11,"column":15},"end":{"line":11,"column":47}},"type":"binary-expr","locations":[{"start":{"line":11,"column":15},"end":{"line":11,"column":34}},{"start":{"line":11,"column":38},"end":{"line":11,"column":47}}]},"3":{"loc":{"start":{"line":12,"column":15},"end":{"line":12,"column":60}},"type":"binary-expr","locations":[{"start":{"line":12,"column":15},"end":{"line":12,"column":38}},{"start":{"line":12,"column":42},"end":{"line":12,"column":60}}]},"4":{"loc":{"start":{"line":13,"column":15},"end":{"line":13,"column":54}},"type":"binary-expr","locations":[{"start":{"line":13,"column":15},"end":{"line":13,"column":38}},{"start":{"line":13,"column":42},"end":{"line":13,"column":54}}]}},"s":{"0":1,"1":1,"2":1,"3":1,"4":1,"5":1,"6":1,"7":1,"8":1,"9":1,"10":1},"f":{},"b":{"0":[1,1],"1":[1,1],"2":[1,1],"3":[1,1],"4":[1,1]}}
,"/Users/caseyjparker/Twist/work/api/src/entities/elevation-point.entity.ts": {"path":"/Users/caseyjparker/Twist/work/api/src/entities/elevation-point.entity.ts","statementMap":{"0":{"start":{"line":1,"column":0},"end":{"line":1,"column":65}},"1":{"start":{"line":4,"column":7},"end":{"line":19,"column":null}},"2":{"start":{"line":4,"column":13},"end":{"line":4,"column":27}},"3":{"start":{"line":6,"column":2},"end":{"line":6,"column":null}},"4":{"start":{"line":9,"column":2},"end":{"line":9,"column":null}},"5":{"start":{"line":12,"column":2},"end":{"line":12,"column":null}},"6":{"start":{"line":15,"column":2},"end":{"line":15,"column":null}},"7":{"start":{"line":18,"column":2},"end":{"line":18,"column":null}},"8":{"start":{"line":4,"column":13},"end":{"line":19,"column":null}}},"fnMap":{},"branchMap":{},"s":{"0":1,"1":1,"2":1,"3":1,"4":1,"5":1,"6":1,"7":1,"8":1},"f":{},"b":{}}
,"/Users/caseyjparker/Twist/work/api/src/entities/poi.entity.ts": {"path":"/Users/caseyjparker/Twist/work/api/src/entities/poi.entity.ts","statementMap":{"0":{"start":{"line":1,"column":0},"end":{"line":1,"column":65}},"1":{"start":{"line":4,"column":7},"end":{"line":20,"column":null}},"2":{"start":{"line":4,"column":13},"end":{"line":4,"column":16}},"3":{"start":{"line":6,"column":2},"end":{"line":6,"column":null}},"4":{"start":{"line":9,"column":2},"end":{"line":9,"column":null}},"5":{"start":{"line":12,"column":2},"end":{"line":12,"column":null}},"6":{"start":{"line":16,"column":2},"end":{"line":16,"column":null}},"7":{"start":{"line":19,"column":2},"end":{"line":19,"column":null}},"8":{"start":{"line":4,"column":13},"end":{"line":20,"column":null}}},"fnMap":{},"branchMap":{},"s":{"0":2,"1":2,"2":2,"3":2,"4":2,"5":2,"6":2,"7":2,"8":2},"f":{},"b":{}}
,"/Users/caseyjparker/Twist/work/api/src/entities/road-segment.entity.ts": {"path":"/Users/caseyjparker/Twist/work/api/src/entities/road-segment.entity.ts","statementMap":{"0":{"start":{"line":1,"column":0},"end":{"line":1,"column":65}},"1":{"start":{"line":4,"column":7},"end":{"line":24,"column":null}},"2":{"start":{"line":4,"column":13},"end":{"line":4,"column":24}},"3":{"start":{"line":6,"column":2},"end":{"line":6,"column":null}},"4":{"start":{"line":10,"column":2},"end":{"line":10,"column":null}},"5":{"start":{"line":14,"column":2},"end":{"line":14,"column":null}},"6":{"start":{"line":17,"column":2},"end":{"line":17,"column":null}},"7":{"start":{"line":20,"column":2},"end":{"line":20,"column":null}},"8":{"start":{"line":23,"column":2},"end":{"line":23,"column":null}},"9":{"start":{"line":4,"column":13},"end":{"line":24,"column":null}}},"fnMap":{},"branchMap":{},"s":{"0":2,"1":2,"2":2,"3":2,"4":2,"5":2,"6":2,"7":2,"8":2,"9":2},"f":{},"b":{}}
,"/Users/caseyjparker/Twist/work/api/src/ingest/geojson-to-poi.ts": {"path":"/Users/caseyjparker/Twist/work/api/src/ingest/geojson-to-poi.ts","statementMap":{"0":{"start":{"line":4,"column":0},"end":{"line":4,"column":16}},"1":{"start":{"line":2,"column":0},"end":{"line":2,"column":45}},"2":{"start":{"line":5,"column":14},"end":{"line":5,"column":23}},"3":{"start":{"line":6,"column":2},"end":{"line":6,"column":87}},"4":{"start":{"line":7,"column":2},"end":{"line":7,"column":97}},"5":{"start":{"line":8,"column":2},"end":{"line":8,"column":34}},"6":{"start":{"line":9,"column":2},"end":{"line":9,"column":51}},"7":{"start":{"line":10,"column":2},"end":{"line":10,"column":13}}},"fnMap":{"0":{"name":"featureToPOI","decl":{"start":{"line":4,"column":16},"end":{"line":4,"column":28}},"loc":{"start":{"line":4,"column":45},"end":{"line":11,"column":1}}}},"branchMap":{"0":{"loc":{"start":{"line":6,"column":13},"end":{"line":6,"column":86}},"type":"binary-expr","locations":[{"start":{"line":6,"column":14},"end":{"line":6,"column":32}},{"start":{"line":6,"column":37},"end":{"line":6,"column":68}},{"start":{"line":6,"column":73},"end":{"line":6,"column":86}}]},"1":{"loc":{"start":{"line":7,"column":20},"end":{"line":7,"column":96}},"type":"binary-expr","locations":[{"start":{"line":7,"column":21},"end":{"line":7,"column":39}},{"start":{"line":7,"column":44},"end":{"line":7,"column":82}},{"start":{"line":7,"column":87},"end":{"line":7,"column":96}}]},"2":{"loc":{"start":{"line":9,"column":23},"end":{"line":9,"column":47}},"type":"binary-expr","locations":[{"start":{"line":9,"column":23},"end":{"line":9,"column":41}},{"start":{"line":9,"column":45},"end":{"line":9,"column":47}}]}},"s":{"0":1,"1":1,"2":1,"3":1,"4":1,"5":1,"6":1,"7":1},"f":{"0":1},"b":{"0":[1,1,0],"1":[1,1,0],"2":[1,0]}}
,"/Users/caseyjparker/Twist/work/api/src/ingest/geojson-to-road.ts": {"path":"/Users/caseyjparker/Twist/work/api/src/ingest/geojson-to-road.ts","statementMap":{"0":{"start":{"line":5,"column":0},"end":{"line":5,"column":16}},"1":{"start":{"line":2,"column":0},"end":{"line":2,"column":62}},"2":{"start":{"line":3,"column":0},"end":{"line":3,"column":48}},"3":{"start":{"line":6,"column":14},"end":{"line":6,"column":31}},"4":{"start":{"line":7,"column":21},"end":{"line":7,"column":45}},"5":{"start":{"line":9,"column":2},"end":{"line":9,"column":34}},"6":{"start":{"line":10,"column":2},"end":{"line":10,"column":57}},"7":{"start":{"line":11,"column":2},"end":{"line":11,"column":56}},"8":{"start":{"line":12,"column":2},"end":{"line":12,"column":75}},"9":{"start":{"line":13,"column":2},"end":{"line":13,"column":38}},"10":{"start":{"line":15,"column":2},"end":{"line":15,"column":13}}},"fnMap":{"0":{"name":"featureToRoadSegment","decl":{"start":{"line":5,"column":16},"end":{"line":5,"column":36}},"loc":{"start":{"line":5,"column":53},"end":{"line":16,"column":1}}}},"branchMap":{"0":{"loc":{"start":{"line":7,"column":21},"end":{"line":7,"column":45}},"type":"binary-expr","locations":[{"start":{"line":7,"column":21},"end":{"line":7,"column":39}},{"start":{"line":7,"column":43},"end":{"line":7,"column":45}}]},"1":{"loc":{"start":{"line":10,"column":16},"end":{"line":10,"column":56}},"type":"binary-expr","locations":[{"start":{"line":10,"column":16},"end":{"line":10,"column":29}},{"start":{"line":10,"column":33},"end":{"line":10,"column":43}},{"start":{"line":10,"column":47},"end":{"line":10,"column":56}}]},"2":{"loc":{"start":{"line":12,"column":19},"end":{"line":12,"column":74}},"type":"cond-expr","locations":[{"start":{"line":12,"column":38},"end":{"line":12,"column":62}},{"start":{"line":12,"column":65},"end":{"line":12,"column":74}}]},"3":{"loc":{"start":{"line":13,"column":23},"end":{"line":13,"column":34}},"type":"binary-expr","locations":[{"start":{"line":13,"column":23},"end":{"line":13,"column":28}},{"start":{"line":13,"column":32},"end":{"line":13,"column":34}}]}},"s":{"0":2,"1":2,"2":2,"3":2,"4":2,"5":2,"6":2,"7":2,"8":2,"9":2,"10":2},"f":{"0":2},"b":{"0":[2,0],"1":[2,0,0],"2":[1,1],"3":[2,0]}}
,"/Users/caseyjparker/Twist/work/api/src/ingest/import-osm.ts": {"path":"/Users/caseyjparker/Twist/work/api/src/ingest/import-osm.ts","statementMap":{"0":{"start":{"line":3,"column":0},"end":{"line":3,"column":20}},"1":{"start":{"line":4,"column":0},"end":{"line":4,"column":24}},"2":{"start":{"line":5,"column":0},"end":{"line":5,"column":20}},"3":{"start":{"line":6,"column":0},"end":{"line":6,"column":42}},"4":{"start":{"line":7,"column":0},"end":{"line":7,"column":34}},"5":{"start":{"line":8,"column":0},"end":{"line":8,"column":64}},"6":{"start":{"line":9,"column":0},"end":{"line":9,"column":37}},"7":{"start":{"line":10,"column":0},"end":{"line":10,"column":26}},"8":{"start":{"line":11,"column":0},"end":{"line":11,"column":40}},"9":{"start":{"line":12,"column":0},"end":{"line":12,"column":26}},"10":{"start":{"line":13,"column":0},"end":{"line":13,"column":50}},"11":{"start":{"line":14,"column":0},"end":{"line":14,"column":62}},"12":{"start":{"line":15,"column":0},"end":{"line":15,"column":57}},"13":{"start":{"line":18,"column":2},"end":{"line":18,"column":35}},"14":{"start":{"line":19,"column":15},"end":{"line":19,"column":55}},"15":{"start":{"line":21,"column":2},"end":{"line":49,"column":5}},"16":{"start":{"line":22,"column":19},"end":{"line":22,"column":51}},"17":{"start":{"line":23,"column":23},"end":{"line":23,"column":31}},"18":{"start":{"line":24,"column":16},"end":{"line":24,"column":40}},"19":{"start":{"line":25,"column":19},"end":{"line":25,"column":20}},"20":{"start":{"line":27,"column":4},"end":{"line":48,"column":7}},"21":{"start":{"line":28,"column":6},"end":{"line":28,"column":34}},"22":{"start":{"line":28,"column":15},"end":{"line":28,"column":34}},"23":{"start":{"line":29,"column":6},"end":{"line":47,"column":7}},"24":{"start":{"line":30,"column":8},"end":{"line":40,"column":9}},"25":{"start":{"line":32,"column":29},"end":{"line":32,"column":62}},"26":{"start":{"line":34,"column":10},"end":{"line":34,"column":39}},"27":{"start":{"line":34,"column":30},"end":{"line":34,"column":39}},"28":{"start":{"line":36,"column":22},"end":{"line":36,"column":56}},"29":{"start":{"line":37,"column":10},"end":{"line":37,"column":31}},"30":{"start":{"line":38,"column":10},"end":{"line":38,"column":21}},"31":{"start":{"line":39,"column":10},"end":{"line":39,"column":80}},"32":{"start":{"line":42,"column":8},"end":{"line":42,"column":38}},"33":{"start":{"line":43,"column":8},"end":{"line":43,"column":26}},"34":{"start":{"line":45,"column":8},"end":{"line":45,"column":38}},"35":{"start":{"line":46,"column":8},"end":{"line":46,"column":18}},"36":{"start":{"line":54,"column":21},"end":{"line":54,"column":51}},"37":{"start":{"line":55,"column":2},"end":{"line":59,"column":3}},"38":{"start":{"line":56,"column":4},"end":{"line":56,"column":43}},"39":{"start":{"line":57,"column":16},"end":{"line":57,"column":71}},"40":{"start":{"line":58,"column":4},"end":{"line":58,"column":28}},"41":{"start":{"line":62,"column":27},"end":{"line":62,"column":63}},"42":{"start":{"line":63,"column":2},"end":{"line":72,"column":3}},"43":{"start":{"line":64,"column":4},"end":{"line":64,"column":49}},"44":{"start":{"line":65,"column":16},"end":{"line":65,"column":45}},"45":{"start":{"line":66,"column":16},"end":{"line":66,"column":75}},"46":{"start":{"line":67,"column":4},"end":{"line":70,"column":5}},"47":{"start":{"line":68,"column":6},"end":{"line":68,"column":53}},"48":{"start":{"line":69,"column":6},"end":{"line":69,"column":18}},"49":{"start":{"line":71,"column":4},"end":{"line":71,"column":17}},"50":{"start":{"line":75,"column":2},"end":{"line":75,"column":15}},"51":{"start":{"line":79,"column":15},"end":{"line":83,"column":23}},"52":{"start":{"line":85,"column":20},"end":{"line":85,"column":54}},"53":{"start":{"line":87,"column":2},"end":{"line":103,"column":3}},"54":{"start":{"line":89,"column":20},"end":{"line":89,"column":42}},"55":{"start":{"line":90,"column":4},"end":{"line":93,"column":5}},"56":{"start":{"line":91,"column":6},"end":{"line":91,"column":52}},"57":{"start":{"line":92,"column":6},"end":{"line":92,"column":22}},"58":{"start":{"line":95,"column":16},"end":{"line":95,"column":75}},"59":{"start":{"line":96,"column":15},"end":{"line":96,"column":51}},"60":{"start":{"line":97,"column":4},"end":{"line":100,"column":5}},"61":{"start":{"line":98,"column":6},"end":{"line":98,"column":113}},"62":{"start":{"line":99,"column":6},"end":{"line":99,"column":22}},"63":{"start":{"line":102,"column":4},"end":{"line":102,"column":22}},"64":{"start":{"line":105,"column":2},"end":{"line":108,"column":3}},"65":{"start":{"line":106,"column":4},"end":{"line":106,"column":47}},"66":{"start":{"line":107,"column":4},"end":{"line":107,"column":20}},"67":{"start":{"line":110,"column":2},"end":{"line":113,"column":3}},"68":{"start":{"line":111,"column":4},"end":{"line":111,"column":58}},"69":{"start":{"line":112,"column":4},"end":{"line":112,"column":20}},"70":{"start":{"line":115,"column":2},"end":{"line":115,"column":51}},"71":{"start":{"line":116,"column":16},"end":{"line":116,"column":48}},"72":{"start":{"line":117,"column":2},"end":{"line":117,"column":50}},"73":{"start":{"line":120,"column":0},"end":{"line":125,"column":1}},"74":{"start":{"line":121,"column":2},"end":{"line":124,"column":5}},"75":{"start":{"line":122,"column":4},"end":{"line":122,"column":23}},"76":{"start":{"line":123,"column":4},"end":{"line":123,"column":20}},"77":{"start":{"line":127,"column":0},"end":{"line":127,"column":20}}},"fnMap":{"0":{"name":"ingestGeoJSON","decl":{"start":{"line":17,"column":15},"end":{"line":17,"column":28}},"loc":{"start":{"line":17,"column":48},"end":{"line":50,"column":1}}},"1":{"name":"(anonymous_2)","decl":{"start":{"line":21,"column":29},"end":{"line":21,"column":30}},"loc":{"start":{"line":21,"column":49},"end":{"line":49,"column":3}}},"2":{"name":"(anonymous_3)","decl":{"start":{"line":27,"column":38},"end":{"line":27,"column":43}},"loc":{"start":{"line":27,"column":57},"end":{"line":48,"column":5}}},"3":{"name":"tryConvertPbfToGeoJSON","decl":{"start":{"line":52,"column":9},"end":{"line":52,"column":31}},"loc":{"start":{"line":52,"column":64},"end":{"line":76,"column":1}}},"4":{"name":"main","decl":{"start":{"line":78,"column":15},"end":{"line":78,"column":19}},"loc":{"start":{"line":78,"column":19},"end":{"line":118,"column":1}}},"5":{"name":"(anonymous_6)","decl":{"start":{"line":121,"column":15},"end":{"line":121,"column":16}},"loc":{"start":{"line":121,"column":23},"end":{"line":124,"column":3}}}},"branchMap":{"0":{"loc":{"start":{"line":28,"column":6},"end":{"line":28,"column":34}},"type":"if","locations":[{"start":{"line":28,"column":6},"end":{"line":28,"column":34}}]},"1":{"loc":{"start":{"line":32,"column":29},"end":{"line":32,"column":62}},"type":"binary-expr","locations":[{"start":{"line":32,"column":30},"end":{"line":32,"column":35}},{"start":{"line":32,"column":39},"end":{"line":32,"column":55}},{"start":{"line":32,"column":60},"end":{"line":32,"column":62}}]},"2":{"loc":{"start":{"line":34,"column":10},"end":{"line":34,"column":39}},"type":"if","locations":[{"start":{"line":34,"column":10},"end":{"line":34,"column":39}}]},"3":{"loc":{"start":{"line":55,"column":2},"end":{"line":59,"column":3}},"type":"if","locations":[{"start":{"line":55,"column":2},"end":{"line":59,"column":3}}]},"4":{"loc":{"start":{"line":63,"column":2},"end":{"line":72,"column":3}},"type":"if","locations":[{"start":{"line":63,"column":2},"end":{"line":72,"column":3}}]},"5":{"loc":{"start":{"line":67,"column":4},"end":{"line":70,"column":5}},"type":"if","locations":[{"start":{"line":67,"column":4},"end":{"line":70,"column":5}}]},"6":{"loc":{"start":{"line":67,"column":8},"end":{"line":67,"column":38}},"type":"binary-expr","locations":[{"start":{"line":67,"column":8},"end":{"line":67,"column":24}},{"start":{"line":67,"column":28},"end":{"line":67,"column":38}}]},"7":{"loc":{"start":{"line":87,"column":2},"end":{"line":103,"column":3}},"type":"if","locations":[{"start":{"line":87,"column":2},"end":{"line":103,"column":3}}]},"8":{"loc":{"start":{"line":87,"column":6},"end":{"line":87,"column":30}},"type":"binary-expr","locations":[{"start":{"line":87,"column":6},"end":{"line":87,"column":18}},{"start":{"line":87,"column":22},"end":{"line":87,"column":30}}]},"9":{"loc":{"start":{"line":90,"column":4},"end":{"line":93,"column":5}},"type":"if","locations":[{"start":{"line":90,"column":4},"end":{"line":93,"column":5}}]},"10":{"loc":{"start":{"line":97,"column":4},"end":{"line":100,"column":5}},"type":"if","locations":[{"start":{"line":97,"column":4},"end":{"line":100,"column":5}}]},"11":{"loc":{"start":{"line":105,"column":2},"end":{"line":108,"column":3}},"type":"if","locations":[{"start":{"line":105,"column":2},"end":{"line":108,"column":3}}]},"12":{"loc":{"start":{"line":110,"column":2},"end":{"line":113,"column":3}},"type":"if","locations":[{"start":{"line":110,"column":2},"end":{"line":113,"column":3}}]},"13":{"loc":{"start":{"line":120,"column":0},"end":{"line":125,"column":1}},"type":"if","locations":[{"start":{"line":120,"column":0},"end":{"line":125,"column":1}}]}},"s":{"0":1,"1":1,"2":1,"3":1,"4":1,"5":1,"6":1,"7":1,"8":1,"9":1,"10":1,"11":1,"12":1,"13":0,"14":0,"15":0,"16":0,"17":0,"18":0,"19":0,"20":0,"21":0,"22":0,"23":0,"24":0,"25":0,"26":0,"27":0,"28":0,"29":0,"30":0,"31":0,"32":0,"33":0,"34":0,"35":0,"36":0,"37":0,"38":0,"39":0,"40":0,"41":0,"42":0,"43":0,"44":0,"45":0,"46":0,"47":0,"48":0,"49":0,"50":0,"51":0,"52":0,"53":0,"54":0,"55":0,"56":0,"57":0,"58":0,"59":0,"60":0,"61":0,"62":0,"63":0,"64":0,"65":0,"66":0,"67":0,"68":0,"69":0,"70":0,"71":0,"72":0,"73":1,"74":0,"75":0,"76":0,"77":1},"f":{"0":0,"1":0,"2":0,"3":0,"4":0,"5":0},"b":{"0":[0],"1":[0,0,0],"2":[0],"3":[0],"4":[0],"5":[0],"6":[0,0],"7":[0],"8":[0,0],"9":[0],"10":[0],"11":[0],"12":[0],"13":[0]}}
,"/Users/caseyjparker/Twist/work/api/src/ingest/ingest-pois.ts": {"path":"/Users/caseyjparker/Twist/work/api/src/ingest/ingest-pois.ts","statementMap":{"0":{"start":{"line":1,"column":0},"end":{"line":1,"column":20}},"1":{"start":{"line":2,"column":0},"end":{"line":2,"column":24}},"2":{"start":{"line":3,"column":0},"end":{"line":3,"column":26}},"3":{"start":{"line":4,"column":0},"end":{"line":4,"column":50}},"4":{"start":{"line":5,"column":0},"end":{"line":5,"column":45}},"5":{"start":{"line":6,"column":0},"end":{"line":6,"column":48}},"6":{"start":{"line":8,"column":18},"end":{"line":8,"column":83}},"7":{"start":{"line":11,"column":2},"end":{"line":11,"column":35}},"8":{"start":{"line":12,"column":15},"end":{"line":12,"column":47}},"9":{"start":{"line":14,"column":14},"end":{"line":14,"column":49}},"10":{"start":{"line":15,"column":18},"end":{"line":15,"column":33}},"11":{"start":{"line":17,"column":2},"end":{"line":20,"column":3}},"12":{"start":{"line":18,"column":4},"end":{"line":18,"column":51}},"13":{"start":{"line":19,"column":4},"end":{"line":19,"column":20}},"14":{"start":{"line":22,"column":19},"end":{"line":22,"column":35}},"15":{"start":{"line":23,"column":2},"end":{"line":27,"column":3}},"16":{"start":{"line":24,"column":16},"end":{"line":24,"column":38}},"17":{"start":{"line":25,"column":4},"end":{"line":25,"column":25}},"18":{"start":{"line":26,"column":4},"end":{"line":26,"column":42}},"19":{"start":{"line":29,"column":2},"end":{"line":29,"column":32}},"20":{"start":{"line":30,"column":2},"end":{"line":30,"column":18}},"21":{"start":{"line":33,"column":0},"end":{"line":38,"column":1}},"22":{"start":{"line":34,"column":2},"end":{"line":37,"column":5}},"23":{"start":{"line":35,"column":4},"end":{"line":35,"column":23}},"24":{"start":{"line":36,"column":4},"end":{"line":36,"column":20}},"25":{"start":{"line":40,"column":0},"end":{"line":40,"column":19}}},"fnMap":{"0":{"name":"run","decl":{"start":{"line":10,"column":15},"end":{"line":10,"column":18}},"loc":{"start":{"line":10,"column":18},"end":{"line":31,"column":1}}},"1":{"name":"(anonymous_2)","decl":{"start":{"line":34,"column":14},"end":{"line":34,"column":15}},"loc":{"start":{"line":34,"column":22},"end":{"line":37,"column":3}}}},"branchMap":{"0":{"loc":{"start":{"line":17,"column":2},"end":{"line":20,"column":3}},"type":"if","locations":[{"start":{"line":17,"column":2},"end":{"line":20,"column":3}}]},"1":{"loc":{"start":{"line":17,"column":6},"end":{"line":17,"column":50}},"type":"binary-expr","locations":[{"start":{"line":17,"column":6},"end":{"line":17,"column":14}},{"start":{"line":17,"column":18},"end":{"line":17,"column":50}}]},"2":{"loc":{"start":{"line":33,"column":0},"end":{"line":38,"column":1}},"type":"if","locations":[{"start":{"line":33,"column":0},"end":{"line":38,"column":1}}]}},"s":{"0":0,"1":0,"2":0,"3":0,"4":0,"5":0,"6":0,"7":0,"8":0,"9":0,"10":0,"11":0,"12":0,"13":0,"14":0,"15":0,"16":0,"17":0,"18":0,"19":0,"20":0,"21":0,"22":0,"23":0,"24":0,"25":0},"f":{"0":0,"1":0},"b":{"0":[0],"1":[0,0],"2":[0]}}
,"/Users/caseyjparker/Twist/work/api/src/ingest/ingest-roads.ts": {"path":"/Users/caseyjparker/Twist/work/api/src/ingest/ingest-roads.ts","statementMap":{"0":{"start":{"line":1,"column":0},"end":{"line":1,"column":20}},"1":{"start":{"line":2,"column":0},"end":{"line":2,"column":24}},"2":{"start":{"line":3,"column":0},"end":{"line":3,"column":50}},"3":{"start":{"line":4,"column":0},"end":{"line":4,"column":62}},"4":{"start":{"line":5,"column":0},"end":{"line":5,"column":57}},"5":{"start":{"line":7,"column":19},"end":{"line":7,"column":86}},"6":{"start":{"line":10,"column":2},"end":{"line":10,"column":35}},"7":{"start":{"line":11,"column":15},"end":{"line":11,"column":55}},"8":{"start":{"line":13,"column":14},"end":{"line":13,"column":50}},"9":{"start":{"line":14,"column":18},"end":{"line":14,"column":33}},"10":{"start":{"line":16,"column":2},"end":{"line":19,"column":3}},"11":{"start":{"line":17,"column":4},"end":{"line":17,"column":52}},"12":{"start":{"line":18,"column":4},"end":{"line":18,"column":20}},"13":{"start":{"line":21,"column":19},"end":{"line":21,"column":35}},"14":{"start":{"line":22,"column":2},"end":{"line":26,"column":3}},"15":{"start":{"line":23,"column":16},"end":{"line":23,"column":46}},"16":{"start":{"line":24,"column":4},"end":{"line":24,"column":25}},"17":{"start":{"line":25,"column":4},"end":{"line":25,"column":102}},"18":{"start":{"line":28,"column":2},"end":{"line":28,"column":32}},"19":{"start":{"line":29,"column":2},"end":{"line":29,"column":18}},"20":{"start":{"line":32,"column":0},"end":{"line":37,"column":1}},"21":{"start":{"line":33,"column":2},"end":{"line":36,"column":5}},"22":{"start":{"line":34,"column":4},"end":{"line":34,"column":23}},"23":{"start":{"line":35,"column":4},"end":{"line":35,"column":20}},"24":{"start":{"line":39,"column":0},"end":{"line":39,"column":19}}},"fnMap":{"0":{"name":"run","decl":{"start":{"line":9,"column":15},"end":{"line":9,"column":18}},"loc":{"start":{"line":9,"column":18},"end":{"line":30,"column":1}}},"1":{"name":"(anonymous_2)","decl":{"start":{"line":33,"column":14},"end":{"line":33,"column":15}},"loc":{"start":{"line":33,"column":22},"end":{"line":36,"column":3}}}},"branchMap":{"0":{"loc":{"start":{"line":16,"column":2},"end":{"line":19,"column":3}},"type":"if","locations":[{"start":{"line":16,"column":2},"end":{"line":19,"column":3}}]},"1":{"loc":{"start":{"line":16,"column":6},"end":{"line":16,"column":50}},"type":"binary-expr","locations":[{"start":{"line":16,"column":6},"end":{"line":16,"column":14}},{"start":{"line":16,"column":18},"end":{"line":16,"column":50}}]},"2":{"loc":{"start":{"line":32,"column":0},"end":{"line":37,"column":1}},"type":"if","locations":[{"start":{"line":32,"column":0},"end":{"line":37,"column":1}}]}},"s":{"0":0,"1":0,"2":0,"3":0,"4":0,"5":0,"6":0,"7":0,"8":0,"9":0,"10":0,"11":0,"12":0,"13":0,"14":0,"15":0,"16":0,"17":0,"18":0,"19":0,"20":0,"21":0,"22":0,"23":0,"24":0},"f":{"0":0,"1":0},"b":{"0":[0],"1":[0,0],"2":[0]}}
,"/Users/caseyjparker/Twist/work/api/src/ingest/road-utils.ts": {"path":"/Users/caseyjparker/Twist/work/api/src/ingest/road-utils.ts","statementMap":{"0":{"start":{"line":1,"column":0},"end":{"line":1,"column":16}},"1":{"start":{"line":2,"column":2},"end":{"line":2,"column":38}},"2":{"start":{"line":2,"column":25},"end":{"line":2,"column":38}},"3":{"start":{"line":3,"column":12},"end":{"line":3,"column":68}},"4":{"start":{"line":4,"column":21},"end":{"line":4,"column":36}},"5":{"start":{"line":5,"column":26},"end":{"line":5,"column":108}},"6":{"start":{"line":6,"column":2},"end":{"line":6,"column":56}},"7":{"start":{"line":6,"column":44},"end":{"line":6,"column":56}},"8":{"start":{"line":9,"column":2},"end":{"line":11,"column":3}},"9":{"start":{"line":10,"column":4},"end":{"line":10,"column":16}},"10":{"start":{"line":13,"column":2},"end":{"line":13,"column":15}}},"fnMap":{"0":{"name":"isUnpavedSurface","decl":{"start":{"line":1,"column":16},"end":{"line":1,"column":32}},"loc":{"start":{"line":1,"column":61},"end":{"line":14,"column":1}}}},"branchMap":{"0":{"loc":{"start":{"line":2,"column":2},"end":{"line":2,"column":38}},"type":"if","locations":[{"start":{"line":2,"column":2},"end":{"line":2,"column":38}}]},"1":{"loc":{"start":{"line":2,"column":6},"end":{"line":2,"column":23}},"type":"binary-expr","locations":[{"start":{"line":2,"column":6},"end":{"line":2,"column":14}},{"start":{"line":2,"column":18},"end":{"line":2,"column":23}}]},"2":{"loc":{"start":{"line":3,"column":13},"end":{"line":3,"column":62}},"type":"binary-expr","locations":[{"start":{"line":3,"column":13},"end":{"line":3,"column":20}},{"start":{"line":3,"column":25},"end":{"line":3,"column":29}},{"start":{"line":3,"column":34},"end":{"line":3,"column":46}},{"start":{"line":3,"column":50},"end":{"line":3,"column":60}}]},"3":{"loc":{"start":{"line":6,"column":2},"end":{"line":6,"column":56}},"type":"if","locations":[{"start":{"line":6,"column":2},"end":{"line":6,"column":56}}]},"4":{"loc":{"start":{"line":9,"column":2},"end":{"line":11,"column":3}},"type":"if","locations":[{"start":{"line":9,"column":2},"end":{"line":11,"column":3}}]},"5":{"loc":{"start":{"line":9,"column":6},"end":{"line":9,"column":51}},"type":"binary-expr","locations":[{"start":{"line":9,"column":6},"end":{"line":9,"column":10}},{"start":{"line":9,"column":14},"end":{"line":9,"column":24}},{"start":{"line":9,"column":28},"end":{"line":9,"column":51}}]}},"s":{"0":2,"1":2,"2":0,"3":2,"4":2,"5":2,"6":2,"7":1,"8":1,"9":0,"10":1},"f":{"0":2},"b":{"0":[0],"1":[2,0],"2":[2,0,0,0],"3":[1],"4":[0],"5":[1,1,0]}}
,"/Users/caseyjparker/Twist/work/api/src/routes/plans.ts": {"path":"/Users/caseyjparker/Twist/work/api/src/routes/plans.ts","statementMap":{"0":{"start":{"line":1,"column":0},"end":{"line":1,"column":33}},"1":{"start":{"line":2,"column":0},"end":{"line":2,"column":61}},"2":{"start":{"line":3,"column":0},"end":{"line":3,"column":61}},"3":{"start":{"line":4,"column":0},"end":{"line":4,"column":80}},"4":{"start":{"line":5,"column":0},"end":{"line":5,"column":64}},"5":{"start":{"line":7,"column":15},"end":{"line":7,"column":23}},"6":{"start":{"line":10,"column":0},"end":{"line":24,"column":3}},"7":{"start":{"line":11,"column":17},"end":{"line":21,"column":4}},"8":{"start":{"line":23,"column":2},"end":{"line":23,"column":29}},"9":{"start":{"line":27,"column":0},"end":{"line":41,"column":3}},"10":{"start":{"line":28,"column":43},"end":{"line":28,"column":51}},"11":{"start":{"line":31,"column":18},"end":{"line":31,"column":42}},"12":{"start":{"line":32,"column":18},"end":{"line":32,"column":45}},"13":{"start":{"line":34,"column":2},"end":{"line":40,"column":3}},"14":{"start":{"line":35,"column":17},"end":{"line":35,"column":78}},"15":{"start":{"line":36,"column":4},"end":{"line":36,"column":30}},"16":{"start":{"line":38,"column":4},"end":{"line":38,"column":46}},"17":{"start":{"line":39,"column":4},"end":{"line":39,"column":68}},"18":{"start":{"line":43,"column":0},"end":{"line":43,"column":22}}},"fnMap":{"0":{"name":"(anonymous_0)","decl":{"start":{"line":10,"column":16},"end":{"line":10,"column":21}},"loc":{"start":{"line":10,"column":45},"end":{"line":24,"column":1}}},"1":{"name":"(anonymous_1)","decl":{"start":{"line":27,"column":50},"end":{"line":27,"column":55}},"loc":{"start":{"line":27,"column":79},"end":{"line":41,"column":1}}}},"branchMap":{},"s":{"0":0,"1":0,"2":0,"3":0,"4":0,"5":0,"6":0,"7":0,"8":0,"9":0,"10":0,"11":0,"12":0,"13":0,"14":0,"15":0,"16":0,"17":0,"18":0},"f":{"0":0,"1":0},"b":{}}
,"/Users/caseyjparker/Twist/work/api/src/routing/http-adapter.ts": {"path":"/Users/caseyjparker/Twist/work/api/src/routing/http-adapter.ts","statementMap":{"0":{"start":{"line":6,"column":22},"end":{"line":6,"column":37}},"1":{"start":{"line":9,"column":16},"end":{"line":9,"column":58}},"2":{"start":{"line":10,"column":16},"end":{"line":14,"column":6}},"3":{"start":{"line":16,"column":4},"end":{"line":19,"column":5}},"4":{"start":{"line":17,"column":19},"end":{"line":17,"column":35}},"5":{"start":{"line":18,"column":6},"end":{"line":18,"column":69}},"6":{"start":{"line":21,"column":17},"end":{"line":21,"column":33}},"7":{"start":{"line":22,"column":54},"end":{"line":22,"column":58}},"8":{"start":{"line":24,"column":4},"end":{"line":29,"column":6}},"9":{"start":{"line":5,"column":0},"end":{"line":5,"column":13}}},"fnMap":{"0":{"name":"(anonymous_0)","decl":{"start":{"line":6,"column":2},"end":{"line":6,"column":22}},"loc":{"start":{"line":6,"column":37},"end":{"line":6,"column":41}}},"1":{"name":"(anonymous_1)","decl":{"start":{"line":8,"column":2},"end":{"line":8,"column":7}},"loc":{"start":{"line":8,"column":124},"end":{"line":30,"column":3}}}},"branchMap":{"0":{"loc":{"start":{"line":16,"column":4},"end":{"line":19,"column":5}},"type":"if","locations":[{"start":{"line":16,"column":4},"end":{"line":19,"column":5}}]}},"s":{"0":3,"1":3,"2":3,"3":3,"4":0,"5":0,"6":3,"7":3,"8":3,"9":1},"f":{"0":3,"1":3},"b":{"0":[0]}}
,"/Users/caseyjparker/Twist/work/api/src/routing/mock-adapter.ts": {"path":"/Users/caseyjparker/Twist/work/api/src/routing/mock-adapter.ts","statementMap":{"0":{"start":{"line":10,"column":20},"end":{"line":10,"column":104}},"1":{"start":{"line":13,"column":18},"end":{"line":13,"column":68}},"2":{"start":{"line":14,"column":24},"end":{"line":14,"column":45}},"3":{"start":{"line":15,"column":39},"end":{"line":15,"column":47}},"4":{"start":{"line":17,"column":4},"end":{"line":20,"column":5}},"5":{"start":{"line":17,"column":17},"end":{"line":17,"column":18}},"6":{"start":{"line":19,"column":6},"end":{"line":19,"column":122}},"7":{"start":{"line":22,"column":4},"end":{"line":22,"column":32}},"8":{"start":{"line":24,"column":21},"end":{"line":24,"column":26}},"9":{"start":{"line":25,"column":21},"end":{"line":25,"column":25}},"10":{"start":{"line":26,"column":13},"end":{"line":26,"column":27}},"11":{"start":{"line":28,"column":4},"end":{"line":36,"column":5}},"12":{"start":{"line":29,"column":6},"end":{"line":29,"column":38}},"13":{"start":{"line":30,"column":6},"end":{"line":30,"column":25}},"14":{"start":{"line":31,"column":6},"end":{"line":31,"column":24}},"15":{"start":{"line":32,"column":11},"end":{"line":36,"column":5}},"16":{"start":{"line":33,"column":6},"end":{"line":33,"column":31}},"17":{"start":{"line":34,"column":6},"end":{"line":34,"column":25}},"18":{"start":{"line":35,"column":6},"end":{"line":35,"column":24}},"19":{"start":{"line":38,"column":4},"end":{"line":43,"column":5}},"20":{"start":{"line":39,"column":6},"end":{"line":39,"column":58}},"21":{"start":{"line":41,"column":6},"end":{"line":41,"column":63}},"22":{"start":{"line":42,"column":6},"end":{"line":42,"column":62}},"23":{"start":{"line":45,"column":4},"end":{"line":50,"column":6}},"24":{"start":{"line":3,"column":0},"end":{"line":3,"column":13}}},"fnMap":{"0":{"name":"(anonymous_0)","decl":{"start":{"line":4,"column":2},"end":{"line":4,"column":7}},"loc":{"start":{"line":7,"column":80},"end":{"line":51,"column":3}}}},"branchMap":{"0":{"loc":{"start":{"line":13,"column":42},"end":{"line":13,"column":66}},"type":"binary-expr","locations":[{"start":{"line":13,"column":42},"end":{"line":13,"column":61}},{"start":{"line":13,"column":65},"end":{"line":13,"column":66}}]},"1":{"loc":{"start":{"line":19,"column":61},"end":{"line":19,"column":81}},"type":"cond-expr","locations":[{"start":{"line":19,"column":75},"end":{"line":19,"column":76}},{"start":{"line":19,"column":79},"end":{"line":19,"column":81}}]},"2":{"loc":{"start":{"line":28,"column":4},"end":{"line":36,"column":5}},"type":"if","locations":[{"start":{"line":28,"column":4},"end":{"line":36,"column":5}},{"start":{"line":32,"column":11},"end":{"line":36,"column":5}}]},"3":{"loc":{"start":{"line":32,"column":11},"end":{"line":36,"column":5}},"type":"if","locations":[{"start":{"line":32,"column":11},"end":{"line":36,"column":5}}]},"4":{"loc":{"start":{"line":38,"column":4},"end":{"line":43,"column":5}},"type":"if","locations":[{"start":{"line":38,"column":4},"end":{"line":43,"column":5}}]}},"s":{"0":4,"1":4,"2":4,"3":4,"4":4,"5":4,"6":3,"7":4,"8":4,"9":4,"10":4,"11":4,"12":1,"13":1,"14":1,"15":3,"16":1,"17":1,"18":1,"19":4,"20":1,"21":1,"22":1,"23":4,"24":2},"f":{"0":4},"b":{"0":[4,3],"1":[2,1],"2":[1,3],"3":[1],"4":[1]}}
,"/Users/caseyjparker/Twist/work/api/src/services/planner-service.ts": {"path":"/Users/caseyjparker/Twist/work/api/src/services/planner-service.ts","statementMap":{"0":{"start":{"line":14,"column":22},"end":{"line":14,"column":45}},"1":{"start":{"line":17,"column":16},"end":{"line":17,"column":74}},"2":{"start":{"line":19,"column":4},"end":{"line":31,"column":6}},"3":{"start":{"line":13,"column":0},"end":{"line":13,"column":13}}},"fnMap":{"0":{"name":"(anonymous_0)","decl":{"start":{"line":14,"column":2},"end":{"line":14,"column":22}},"loc":{"start":{"line":14,"column":45},"end":{"line":14,"column":49}}},"1":{"name":"(anonymous_1)","decl":{"start":{"line":16,"column":2},"end":{"line":16,"column":7}},"loc":{"start":{"line":16,"column":94},"end":{"line":32,"column":3}}}},"branchMap":{"0":{"loc":{"start":{"line":30,"column":10},"end":{"line":30,"column":92}},"type":"cond-expr","locations":[{"start":{"line":30,"column":20},"end":{"line":30,"column":87}},{"start":{"line":30,"column":90},"end":{"line":30,"column":92}}]},"1":{"loc":{"start":{"line":30,"column":62},"end":{"line":30,"column":85}},"type":"binary-expr","locations":[{"start":{"line":30,"column":62},"end":{"line":30,"column":80}},{"start":{"line":30,"column":84},"end":{"line":30,"column":85}}]}},"s":{"0":7,"1":7,"2":7,"3":3},"f":{"0":7,"1":7},"b":{"0":[6,1],"1":[6,4]}}
,"/Users/caseyjparker/Twist/work/api/src/validators/express-middleware.ts": {"path":"/Users/caseyjparker/Twist/work/api/src/validators/express-middleware.ts","statementMap":{"0":{"start":{"line":4,"column":0},"end":{"line":4,"column":16}},"1":{"start":{"line":5,"column":2},"end":{"line":14,"column":4}},"2":{"start":{"line":6,"column":19},"end":{"line":6,"column":45}},"3":{"start":{"line":7,"column":4},"end":{"line":10,"column":5}},"4":{"start":{"line":8,"column":31},"end":{"line":8,"column":115}},"5":{"start":{"line":8,"column":67},"end":{"line":8,"column":114}},"6":{"start":{"line":9,"column":6},"end":{"line":9,"column":46}},"7":{"start":{"line":13,"column":4},"end":{"line":13,"column":18}}},"fnMap":{"0":{"name":"validateBody","decl":{"start":{"line":4,"column":16},"end":{"line":4,"column":28}},"loc":{"start":{"line":4,"column":46},"end":{"line":15,"column":1}}},"1":{"name":"(anonymous_1)","decl":{"start":{"line":5,"column":9},"end":{"line":5,"column":10}},"loc":{"start":{"line":5,"column":28},"end":{"line":14,"column":3}}},"2":{"name":"(anonymous_2)","decl":{"start":{"line":8,"column":55},"end":{"line":8,"column":56}},"loc":{"start":{"line":8,"column":67},"end":{"line":8,"column":114}}}},"branchMap":{"0":{"loc":{"start":{"line":7,"column":4},"end":{"line":10,"column":5}},"type":"if","locations":[{"start":{"line":7,"column":4},"end":{"line":10,"column":5}}]},"1":{"loc":{"start":{"line":8,"column":70},"end":{"line":8,"column":98}},"type":"binary-expr","locations":[{"start":{"line":8,"column":70},"end":{"line":8,"column":86}},{"start":{"line":8,"column":90},"end":{"line":8,"column":98}}]}},"s":{"0":0,"1":0,"2":0,"3":0,"4":0,"5":0,"6":0,"7":0},"f":{"0":0,"1":0,"2":0},"b":{"0":[0],"1":[0,0]}}
,"/Users/caseyjparker/Twist/work/api/src/validators/plan-schema.ts": {"path":"/Users/caseyjparker/Twist/work/api/src/validators/plan-schema.ts","statementMap":{"0":{"start":{"line":24,"column":0},"end":{"line":24,"column":16}},"1":{"start":{"line":1,"column":0},"end":{"line":1,"column":24}},"2":{"start":{"line":3,"column":13},"end":{"line":6,"column":3}},"3":{"start":{"line":8,"column":13},"end":{"line":14,"column":3}},"4":{"start":{"line":16,"column":13},"end":{"line":20,"column":3}},"5":{"start":{"line":25,"column":14},"end":{"line":25,"column":47}},"6":{"start":{"line":26,"column":2},"end":{"line":26,"column":60}},"7":{"start":{"line":26,"column":19},"end":{"line":26,"column":60}},"8":{"start":{"line":28,"column":27},"end":{"line":28,"column":151}},"9":{"start":{"line":28,"column":103},"end":{"line":28,"column":150}},"10":{"start":{"line":29,"column":2},"end":{"line":29,"column":36}}},"fnMap":{"0":{"name":"parsePlanRequest","decl":{"start":{"line":24,"column":16},"end":{"line":24,"column":32}},"loc":{"start":{"line":24,"column":42},"end":{"line":30,"column":1}}},"1":{"name":"(anonymous_1)","decl":{"start":{"line":28,"column":48},"end":{"line":28,"column":49}},"loc":{"start":{"line":28,"column":103},"end":{"line":28,"column":150}}}},"branchMap":{"0":{"loc":{"start":{"line":26,"column":2},"end":{"line":26,"column":60}},"type":"if","locations":[{"start":{"line":26,"column":2},"end":{"line":26,"column":60}}]},"1":{"loc":{"start":{"line":28,"column":106},"end":{"line":28,"column":134}},"type":"binary-expr","locations":[{"start":{"line":28,"column":106},"end":{"line":28,"column":122}},{"start":{"line":28,"column":126},"end":{"line":28,"column":134}}]}},"s":{"0":1,"1":1,"2":1,"3":1,"4":1,"5":4,"6":4,"7":1,"8":3,"9":3,"10":3},"f":{"0":4,"1":3},"b":{"0":[1],"1":[3,1]}}
,"/Users/caseyjparker/Twist/work/api/src/validators/plan-validator.ts": {"path":"/Users/caseyjparker/Twist/work/api/src/validators/plan-validator.ts","statementMap":{"0":{"start":{"line":14,"column":0},"end":{"line":14,"column":16}},"1":{"start":{"line":21,"column":0},"end":{"line":21,"column":16}},"2":{"start":{"line":52,"column":0},"end":{"line":52,"column":16}},"3":{"start":{"line":11,"column":2},"end":{"line":11,"column":53}},"4":{"start":{"line":15,"column":2},"end":{"line":15,"column":88}},"5":{"start":{"line":15,"column":35},"end":{"line":15,"column":88}},"6":{"start":{"line":16,"column":2},"end":{"line":16,"column":102}},"7":{"start":{"line":16,"column":53},"end":{"line":16,"column":102}},"8":{"start":{"line":17,"column":2},"end":{"line":17,"column":106}},"9":{"start":{"line":17,"column":55},"end":{"line":17,"column":106}},"10":{"start":{"line":18,"column":2},"end":{"line":18,"column":14}},"11":{"start":{"line":22,"column":25},"end":{"line":22,"column":27}},"12":{"start":{"line":23,"column":2},"end":{"line":23,"column":28}},"13":{"start":{"line":23,"column":16},"end":{"line":23,"column":28}},"14":{"start":{"line":25,"column":2},"end":{"line":27,"column":3}},"15":{"start":{"line":26,"column":4},"end":{"line":26,"column":49}},"16":{"start":{"line":28,"column":2},"end":{"line":30,"column":3}},"17":{"start":{"line":29,"column":4},"end":{"line":29,"column":50}},"18":{"start":{"line":31,"column":2},"end":{"line":33,"column":3}},"19":{"start":{"line":32,"column":4},"end":{"line":32,"column":42}},"20":{"start":{"line":35,"column":2},"end":{"line":41,"column":3}},"21":{"start":{"line":36,"column":4},"end":{"line":40,"column":5}},"22":{"start":{"line":37,"column":6},"end":{"line":37,"column":63}},"23":{"start":{"line":38,"column":11},"end":{"line":40,"column":5}},"24":{"start":{"line":39,"column":6},"end":{"line":39,"column":54}},"25":{"start":{"line":43,"column":2},"end":{"line":47,"column":3}},"26":{"start":{"line":44,"column":4},"end":{"line":46,"column":5}},"27":{"start":{"line":45,"column":6},"end":{"line":45,"column":61}},"28":{"start":{"line":49,"column":2},"end":{"line":49,"column":14}},"29":{"start":{"line":53,"column":25},"end":{"line":53,"column":27}},"30":{"start":{"line":54,"column":2},"end":{"line":57,"column":3}},"31":{"start":{"line":55,"column":4},"end":{"line":55,"column":42}},"32":{"start":{"line":56,"column":4},"end":{"line":56,"column":16}},"33":{"start":{"line":59,"column":43},"end":{"line":59,"column":47}},"34":{"start":{"line":60,"column":15},"end":{"line":60,"column":39}},"35":{"start":{"line":61,"column":2},"end":{"line":61,"column":41}},"36":{"start":{"line":61,"column":12},"end":{"line":61,"column":41}},"37":{"start":{"line":62,"column":15},"end":{"line":62,"column":44}},"38":{"start":{"line":63,"column":2},"end":{"line":63,"column":46}},"39":{"start":{"line":63,"column":12},"end":{"line":63,"column":46}},"40":{"start":{"line":65,"column":2},"end":{"line":65,"column":48}},"41":{"start":{"line":67,"column":2},"end":{"line":67,"column":14}}},"fnMap":{"0":{"name":"isNumber","decl":{"start":{"line":10,"column":9},"end":{"line":10,"column":17}},"loc":{"start":{"line":10,"column":24},"end":{"line":12,"column":1}}},"1":{"name":"validateWaypoint","decl":{"start":{"line":14,"column":16},"end":{"line":14,"column":32}},"loc":{"start":{"line":14,"column":39},"end":{"line":19,"column":1}}},"2":{"name":"validateRoutingOptions","decl":{"start":{"line":21,"column":16},"end":{"line":21,"column":38}},"loc":{"start":{"line":21,"column":51},"end":{"line":50,"column":1}}},"3":{"name":"validatePlanRequest","decl":{"start":{"line":52,"column":16},"end":{"line":52,"column":35}},"loc":{"start":{"line":52,"column":45},"end":{"line":68,"column":1}}}},"branchMap":{"0":{"loc":{"start":{"line":11,"column":9},"end":{"line":11,"column":52}},"type":"binary-expr","locations":[{"start":{"line":11,"column":9},"end":{"line":11,"column":30}},{"start":{"line":11,"column":34},"end":{"line":11,"column":52}}]},"1":{"loc":{"start":{"line":15,"column":2},"end":{"line":15,"column":88}},"type":"if","locations":[{"start":{"line":15,"column":2},"end":{"line":15,"column":88}}]},"2":{"loc":{"start":{"line":15,"column":6},"end":{"line":15,"column":33}},"type":"binary-expr","locations":[{"start":{"line":15,"column":6},"end":{"line":15,"column":8}},{"start":{"line":15,"column":12},"end":{"line":15,"column":33}}]},"3":{"loc":{"start":{"line":16,"column":2},"end":{"line":16,"column":102}},"type":"if","locations":[{"start":{"line":16,"column":2},"end":{"line":16,"column":102}}]},"4":{"loc":{"start":{"line":16,"column":6},"end":{"line":16,"column":51}},"type":"binary-expr","locations":[{"start":{"line":16,"column":6},"end":{"line":16,"column":22}},{"start":{"line":16,"column":26},"end":{"line":16,"column":37}},{"start":{"line":16,"column":41},"end":{"line":16,"column":51}}]},"5":{"loc":{"start":{"line":17,"column":2},"end":{"line":17,"column":106}},"type":"if","locations":[{"start":{"line":17,"column":2},"end":{"line":17,"column":106}}]},"6":{"loc":{"start":{"line":17,"column":6},"end":{"line":17,"column":53}},"type":"binary-expr","locations":[{"start":{"line":17,"column":6},"end":{"line":17,"column":22}},{"start":{"line":17,"column":26},"end":{"line":17,"column":38}},{"start":{"line":17,"column":42},"end":{"line":17,"column":53}}]},"7":{"loc":{"start":{"line":23,"column":2},"end":{"line":23,"column":28}},"type":"if","locations":[{"start":{"line":23,"column":2},"end":{"line":23,"column":28}}]},"8":{"loc":{"start":{"line":25,"column":2},"end":{"line":27,"column":3}},"type":"if","locations":[{"start":{"line":25,"column":2},"end":{"line":27,"column":3}}]},"9":{"loc":{"start":{"line":25,"column":6},"end":{"line":25,"column":96}},"type":"binary-expr","locations":[{"start":{"line":25,"column":6},"end":{"line":25,"column":50}},{"start":{"line":25,"column":54},"end":{"line":25,"column":96}}]},"10":{"loc":{"start":{"line":28,"column":2},"end":{"line":30,"column":3}},"type":"if","locations":[{"start":{"line":28,"column":2},"end":{"line":30,"column":3}}]},"11":{"loc":{"start":{"line":28,"column":6},"end":{"line":28,"column":98}},"type":"binary-expr","locations":[{"start":{"line":28,"column":6},"end":{"line":28,"column":51}},{"start":{"line":28,"column":55},"end":{"line":28,"column":98}}]},"12":{"loc":{"start":{"line":31,"column":2},"end":{"line":33,"column":3}},"type":"if","locations":[{"start":{"line":31,"column":2},"end":{"line":33,"column":3}}]},"13":{"loc":{"start":{"line":31,"column":6},"end":{"line":31,"column":82}},"type":"binary-expr","locations":[{"start":{"line":31,"column":6},"end":{"line":31,"column":43}},{"start":{"line":31,"column":47},"end":{"line":31,"column":82}}]},"14":{"loc":{"start":{"line":35,"column":2},"end":{"line":41,"column":3}},"type":"if","locations":[{"start":{"line":35,"column":2},"end":{"line":41,"column":3}}]},"15":{"loc":{"start":{"line":36,"column":4},"end":{"line":40,"column":5}},"type":"if","locations":[{"start":{"line":36,"column":4},"end":{"line":40,"column":5}},{"start":{"line":38,"column":11},"end":{"line":40,"column":5}}]},"16":{"loc":{"start":{"line":38,"column":11},"end":{"line":40,"column":5}},"type":"if","locations":[{"start":{"line":38,"column":11},"end":{"line":40,"column":5}}]},"17":{"loc":{"start":{"line":38,"column":15},"end":{"line":38,"column":63}},"type":"binary-expr","locations":[{"start":{"line":38,"column":15},"end":{"line":38,"column":37}},{"start":{"line":38,"column":41},"end":{"line":38,"column":63}}]},"18":{"loc":{"start":{"line":43,"column":2},"end":{"line":47,"column":3}},"type":"if","locations":[{"start":{"line":43,"column":2},"end":{"line":47,"column":3}}]},"19":{"loc":{"start":{"line":44,"column":4},"end":{"line":46,"column":5}},"type":"if","locations":[{"start":{"line":44,"column":4},"end":{"line":46,"column":5}}]},"20":{"loc":{"start":{"line":44,"column":8},"end":{"line":44,"column":74}},"type":"binary-expr","locations":[{"start":{"line":44,"column":8},"end":{"line":44,"column":42}},{"start":{"line":44,"column":46},"end":{"line":44,"column":74}}]},"21":{"loc":{"start":{"line":54,"column":2},"end":{"line":57,"column":3}},"type":"if","locations":[{"start":{"line":54,"column":2},"end":{"line":57,"column":3}}]},"22":{"loc":{"start":{"line":61,"column":2},"end":{"line":61,"column":41}},"type":"if","locations":[{"start":{"line":61,"column":2},"end":{"line":61,"column":41}}]},"23":{"loc":{"start":{"line":63,"column":2},"end":{"line":63,"column":46}},"type":"if","locations":[{"start":{"line":63,"column":2},"end":{"line":63,"column":46}}]}},"s":{"0":0,"1":0,"2":0,"3":0,"4":0,"5":0,"6":0,"7":0,"8":0,"9":0,"10":0,"11":0,"12":0,"13":0,"14":0,"15":0,"16":0,"17":0,"18":0,"19":0,"20":0,"21":0,"22":0,"23":0,"24":0,"25":0,"26":0,"27":0,"28":0,"29":0,"30":0,"31":0,"32":0,"33":0,"34":0,"35":0,"36":0,"37":0,"38":0,"39":0,"40":0,"41":0},"f":{"0":0,"1":0,"2":0,"3":0},"b":{"0":[0,0],"1":[0],"2":[0,0],"3":[0],"4":[0,0,0],"5":[0],"6":[0,0,0],"7":[0],"8":[0],"9":[0,0],"10":[0],"11":[0,0],"12":[0],"13":[0,0],"14":[0],"15":[0,0],"16":[0],"17":[0,0],"18":[0],"19":[0],"20":[0,0],"21":[0],"22":[0],"23":[0]}}
}
