TN:
SF:src/index.ts
FN:12,bootstrap
FN:24,(anonymous_2)
FN:27,(anonymous_3)
FNF:3
FNH:0
FNDA:0,bootstrap
FNDA:0,(anonymous_2)
FNDA:0,(anonymous_3)
DA:1,0
DA:2,0
DA:3,0
DA:5,0
DA:6,0
DA:8,0
DA:10,0
DA:13,0
DA:14,0
DA:15,0
DA:17,0
DA:21,0
DA:22,0
DA:24,0
DA:25,0
DA:27,0
DA:28,0
DA:32,0
LF:18
LH:0
BRDA:10,0,0,0
BRDA:10,0,1,0
BRF:2
BRH:0
end_of_record
TN:
SF:src/controllers/plan-controller.ts
FN:4,(anonymous_0)
FNF:1
FNH:0
FNDA:0,(anonymous_0)
DA:4,0
DA:6,0
LF:2
LH:0
BRDA:7,0,0,0
BRDA:7,0,1,0
BRDA:8,1,0,0
BRDA:8,1,1,0
BRDA:9,2,0,0
BRDA:9,2,1,0
BRDA:10,3,0,0
BRDA:10,3,1,0
BRDA:11,4,0,0
BRDA:11,4,1,0
BRDA:12,5,0,0
BRDA:12,5,1,0
BRF:12
BRH:0
end_of_record
TN:
SF:src/db/data-source.ts
FNF:0
FNH:0
DA:1,1
DA:2,1
DA:3,1
DA:4,1
DA:5,1
DA:9,1
DA:10,1
DA:11,1
DA:12,1
DA:13,1
DA:15,1
LF:11
LH:11
BRDA:9,0,0,1
BRDA:9,0,1,1
BRDA:10,1,0,1
BRDA:10,1,1,1
BRDA:11,2,0,1
BRDA:11,2,1,1
BRDA:12,3,0,1
BRDA:12,3,1,1
BRDA:13,4,0,1
BRDA:13,4,1,1
BRF:10
BRH:10
end_of_record
TN:
SF:src/entities/elevation-point.entity.ts
FNF:0
FNH:0
DA:1,1
DA:4,1
DA:6,1
DA:9,1
DA:12,1
DA:15,1
DA:18,1
LF:7
LH:7
BRF:0
BRH:0
end_of_record
TN:
SF:src/entities/poi.entity.ts
FNF:0
FNH:0
DA:1,2
DA:4,2
DA:6,2
DA:9,2
DA:12,2
DA:16,2
DA:19,2
LF:7
LH:7
BRF:0
BRH:0
end_of_record
TN:
SF:src/entities/road-segment.entity.ts
FNF:0
FNH:0
DA:1,2
DA:4,2
DA:6,2
DA:10,2
DA:14,2
DA:17,2
DA:20,2
DA:23,2
LF:8
LH:8
BRF:0
BRH:0
end_of_record
TN:
SF:src/ingest/geojson-to-poi.ts
FN:4,featureToPOI
FNF:1
FNH:1
FNDA:1,featureToPOI
DA:2,1
DA:4,1
DA:5,1
DA:6,1
DA:7,1
DA:8,1
DA:9,1
DA:10,1
LF:8
LH:8
BRDA:6,0,0,1
BRDA:6,0,1,1
BRDA:6,0,2,0
BRDA:7,1,0,1
BRDA:7,1,1,1
BRDA:7,1,2,0
BRDA:9,2,0,1
BRDA:9,2,1,0
BRF:8
BRH:5
end_of_record
TN:
SF:src/ingest/geojson-to-road.ts
FN:5,featureToRoadSegment
FNF:1
FNH:1
FNDA:2,featureToRoadSegment
DA:2,2
DA:3,2
DA:5,2
DA:6,2
DA:7,2
DA:9,2
DA:10,2
DA:11,2
DA:12,2
DA:13,2
DA:15,2
LF:11
LH:11
BRDA:7,0,0,2
BRDA:7,0,1,0
BRDA:10,1,0,2
BRDA:10,1,1,0
BRDA:10,1,2,0
BRDA:12,2,0,1
BRDA:12,2,1,1
BRDA:13,3,0,2
BRDA:13,3,1,0
BRF:9
BRH:5
end_of_record
TN:
SF:src/ingest/import-osm.ts
FN:17,ingestGeoJSON
FN:21,(anonymous_2)
FN:27,(anonymous_3)
FN:52,tryConvertPbfToGeoJSON
FN:78,main
FN:121,(anonymous_6)
FNF:6
FNH:0
FNDA:0,ingestGeoJSON
FNDA:0,(anonymous_2)
FNDA:0,(anonymous_3)
FNDA:0,tryConvertPbfToGeoJSON
FNDA:0,main
FNDA:0,(anonymous_6)
DA:3,1
DA:4,1
DA:5,1
DA:6,1
DA:7,1
DA:8,1
DA:9,1
DA:10,1
DA:11,1
DA:12,1
DA:13,1
DA:14,1
DA:15,1
DA:18,0
DA:19,0
DA:21,0
DA:22,0
DA:23,0
DA:24,0
DA:25,0
DA:27,0
DA:28,0
DA:29,0
DA:30,0
DA:32,0
DA:34,0
DA:36,0
DA:37,0
DA:38,0
DA:39,0
DA:42,0
DA:43,0
DA:45,0
DA:46,0
DA:54,0
DA:55,0
DA:56,0
DA:57,0
DA:58,0
DA:62,0
DA:63,0
DA:64,0
DA:65,0
DA:66,0
DA:67,0
DA:68,0
DA:69,0
DA:71,0
DA:75,0
DA:79,0
DA:85,0
DA:87,0
DA:89,0
DA:90,0
DA:91,0
DA:92,0
DA:95,0
DA:96,0
DA:97,0
DA:98,0
DA:99,0
DA:102,0
DA:105,0
DA:106,0
DA:107,0
DA:110,0
DA:111,0
DA:112,0
DA:115,0
DA:116,0
DA:117,0
DA:120,1
DA:121,0
DA:122,0
DA:123,0
DA:127,1
LF:76
LH:15
BRDA:28,0,0,0
BRDA:32,1,0,0
BRDA:32,1,1,0
BRDA:32,1,2,0
BRDA:34,2,0,0
BRDA:55,3,0,0
BRDA:63,4,0,0
BRDA:67,5,0,0
BRDA:67,6,0,0
BRDA:67,6,1,0
BRDA:87,7,0,0
BRDA:87,8,0,0
BRDA:87,8,1,0
BRDA:90,9,0,0
BRDA:97,10,0,0
BRDA:105,11,0,0
BRDA:110,12,0,0
BRDA:120,13,0,0
BRF:18
BRH:0
end_of_record
TN:
SF:src/ingest/ingest-pois.ts
FN:10,run
FN:34,(anonymous_2)
FNF:2
FNH:0
FNDA:0,run
FNDA:0,(anonymous_2)
DA:1,0
DA:2,0
DA:3,0
DA:4,0
DA:5,0
DA:6,0
DA:8,0
DA:11,0
DA:12,0
DA:14,0
DA:15,0
DA:17,0
DA:18,0
DA:19,0
DA:22,0
DA:23,0
DA:24,0
DA:25,0
DA:26,0
DA:29,0
DA:30,0
DA:33,0
DA:34,0
DA:35,0
DA:36,0
DA:40,0
LF:26
LH:0
BRDA:17,0,0,0
BRDA:17,1,0,0
BRDA:17,1,1,0
BRDA:33,2,0,0
BRF:4
BRH:0
end_of_record
TN:
SF:src/ingest/ingest-roads.ts
FN:9,run
FN:33,(anonymous_2)
FNF:2
FNH:0
FNDA:0,run
FNDA:0,(anonymous_2)
DA:1,0
DA:2,0
DA:3,0
DA:4,0
DA:5,0
DA:7,0
DA:10,0
DA:11,0
DA:13,0
DA:14,0
DA:16,0
DA:17,0
DA:18,0
DA:21,0
DA:22,0
DA:23,0
DA:24,0
DA:25,0
DA:28,0
DA:29,0
DA:32,0
DA:33,0
DA:34,0
DA:35,0
DA:39,0
LF:25
LH:0
BRDA:16,0,0,0
BRDA:16,1,0,0
BRDA:16,1,1,0
BRDA:32,2,0,0
BRF:4
BRH:0
end_of_record
TN:
SF:src/ingest/road-utils.ts
FN:1,isUnpavedSurface
FNF:1
FNH:1
FNDA:2,isUnpavedSurface
DA:1,2
DA:2,2
DA:3,2
DA:4,2
DA:5,2
DA:6,2
DA:9,1
DA:10,0
DA:13,1
LF:9
LH:8
BRDA:2,0,0,0
BRDA:2,1,0,2
BRDA:2,1,1,0
BRDA:3,2,0,2
BRDA:3,2,1,0
BRDA:3,2,2,0
BRDA:3,2,3,0
BRDA:6,3,0,1
BRDA:9,4,0,0
BRDA:9,5,0,1
BRDA:9,5,1,1
BRDA:9,5,2,0
BRF:12
BRH:5
end_of_record
TN:
SF:src/routes/plans.ts
FN:10,(anonymous_0)
FN:27,(anonymous_1)
FNF:2
FNH:0
FNDA:0,(anonymous_0)
FNDA:0,(anonymous_1)
DA:1,0
DA:2,0
DA:3,0
DA:4,0
DA:5,0
DA:7,0
DA:10,0
DA:11,0
DA:23,0
DA:27,0
DA:28,0
DA:31,0
DA:32,0
DA:34,0
DA:35,0
DA:36,0
DA:38,0
DA:39,0
DA:43,0
LF:19
LH:0
BRF:0
BRH:0
end_of_record
TN:
SF:src/routing/http-adapter.ts
FN:6,(anonymous_0)
FN:8,(anonymous_1)
FNF:2
FNH:2
FNDA:3,(anonymous_0)
FNDA:3,(anonymous_1)
DA:5,1
DA:6,3
DA:9,3
DA:10,3
DA:16,3
DA:17,0
DA:18,0
DA:21,3
DA:22,3
DA:24,3
LF:10
LH:8
BRDA:16,0,0,0
BRF:1
BRH:0
end_of_record
TN:
SF:src/routing/mock-adapter.ts
FN:4,(anonymous_0)
FNF:1
FNH:1
FNDA:4,(anonymous_0)
DA:3,2
DA:10,4
DA:13,4
DA:14,4
DA:15,4
DA:17,4
DA:19,3
DA:22,4
DA:24,4
DA:25,4
DA:26,4
DA:28,4
DA:29,1
DA:30,1
DA:31,1
DA:32,3
DA:33,1
DA:34,1
DA:35,1
DA:38,4
DA:39,1
DA:41,1
DA:42,1
DA:45,4
LF:24
LH:24
BRDA:13,0,0,4
BRDA:13,0,1,3
BRDA:19,1,0,2
BRDA:19,1,1,1
BRDA:28,2,0,1
BRDA:28,2,1,3
BRDA:32,3,0,1
BRDA:38,4,0,1
BRF:8
BRH:8
end_of_record
TN:
SF:src/services/planner-service.ts
FN:14,(anonymous_0)
FN:16,(anonymous_1)
FNF:2
FNH:2
FNDA:7,(anonymous_0)
FNDA:7,(anonymous_1)
DA:13,3
DA:14,7
DA:17,7
DA:19,7
LF:4
LH:4
BRDA:30,0,0,6
BRDA:30,0,1,1
BRDA:30,1,0,6
BRDA:30,1,1,4
BRF:4
BRH:4
end_of_record
TN:
SF:src/validators/express-middleware.ts
FN:4,validateBody
FN:5,(anonymous_1)
FN:8,(anonymous_2)
FNF:3
FNH:0
FNDA:0,validateBody
FNDA:0,(anonymous_1)
FNDA:0,(anonymous_2)
DA:4,0
DA:5,0
DA:6,0
DA:7,0
DA:8,0
DA:9,0
DA:13,0
LF:7
LH:0
BRDA:7,0,0,0
BRDA:8,1,0,0
BRDA:8,1,1,0
BRF:3
BRH:0
end_of_record
TN:
SF:src/validators/plan-schema.ts
FN:24,parsePlanRequest
FN:28,(anonymous_1)
FNF:2
FNH:2
FNDA:4,parsePlanRequest
FNDA:3,(anonymous_1)
DA:1,1
DA:3,1
DA:8,1
DA:16,1
DA:24,1
DA:25,4
DA:26,4
DA:28,3
DA:29,3
LF:9
LH:9
BRDA:26,0,0,1
BRDA:28,1,0,3
BRDA:28,1,1,1
BRF:3
BRH:3
end_of_record
TN:
SF:src/validators/plan-validator.ts
FN:10,isNumber
FN:14,validateWaypoint
FN:21,validateRoutingOptions
FN:52,validatePlanRequest
FNF:4
FNH:0
FNDA:0,isNumber
FNDA:0,validateWaypoint
FNDA:0,validateRoutingOptions
FNDA:0,validatePlanRequest
DA:11,0
DA:14,0
DA:15,0
DA:16,0
DA:17,0
DA:18,0
DA:21,0
DA:22,0
DA:23,0
DA:25,0
DA:26,0
DA:28,0
DA:29,0
DA:31,0
DA:32,0
DA:35,0
DA:36,0
DA:37,0
DA:38,0
DA:39,0
DA:43,0
DA:44,0
DA:45,0
DA:49,0
DA:52,0
DA:53,0
DA:54,0
DA:55,0
DA:56,0
DA:59,0
DA:60,0
DA:61,0
DA:62,0
DA:63,0
DA:65,0
DA:67,0
LF:36
LH:0
BRDA:11,0,0,0
BRDA:11,0,1,0
BRDA:15,1,0,0
BRDA:15,2,0,0
BRDA:15,2,1,0
BRDA:16,3,0,0
BRDA:16,4,0,0
BRDA:16,4,1,0
BRDA:16,4,2,0
BRDA:17,5,0,0
BRDA:17,6,0,0
BRDA:17,6,1,0
BRDA:17,6,2,0
BRDA:23,7,0,0
BRDA:25,8,0,0
BRDA:25,9,0,0
BRDA:25,9,1,0
BRDA:28,10,0,0
BRDA:28,11,0,0
BRDA:28,11,1,0
BRDA:31,12,0,0
BRDA:31,13,0,0
BRDA:31,13,1,0
BRDA:35,14,0,0
BRDA:36,15,0,0
BRDA:36,15,1,0
BRDA:38,16,0,0
BRDA:38,17,0,0
BRDA:38,17,1,0
BRDA:43,18,0,0
BRDA:44,19,0,0
BRDA:44,20,0,0
BRDA:44,20,1,0
BRDA:54,21,0,0
BRDA:61,22,0,0
BRDA:63,23,0,0
BRF:36
BRH:0
end_of_record
